Updating Subscription Management repositories.
Last metadata expiration check: 0:10:32 ago on Thursday 21 March 2024 08:10:06 AM CET.

NetworkManager.x86_64                                                           1:1.40.16-13.el8_9                                                                      rhel-8-for-x86_64-baseos-rpms
NetworkManager-adsl.x86_64                                                      1:1.40.16-13.el8_9                                                                      rhel-8-for-x86_64-baseos-rpms
NetworkManager-bluetooth.x86_64                                                 1:1.40.16-13.el8_9                                                                      rhel-8-for-x86_64-baseos-rpms
NetworkManager-config-server.noarch                                             1:1.40.16-13.el8_9                                                                      rhel-8-for-x86_64-baseos-rpms
NetworkManager-libnm.x86_64                                                     1:1.40.16-13.el8_9                                                                      rhel-8-for-x86_64-baseos-rpms
NetworkManager-team.x86_64                                                      1:1.40.16-13.el8_9                                                                      rhel-8-for-x86_64-baseos-rpms
NetworkManager-tui.x86_64                                                       1:1.40.16-13.el8_9                                                                      rhel-8-for-x86_64-baseos-rpms
NetworkManager-wifi.x86_64                                                      1:1.40.16-13.el8_9                                                                      rhel-8-for-x86_64-baseos-rpms
NetworkManager-wwan.x86_64                                                      1:1.40.16-13.el8_9                                                                      rhel-8-for-x86_64-baseos-rpms
bpftool.x86_64                                                                  4.18.0-513.18.1.el8_9                                                                   rhel-8-for-x86_64-baseos-rpms
buildah.x86_64                                                                  1:1.31.3-3.module+el8.9.0+21243+a586538b                                                rhel-8-for-x86_64-appstream-rpms
cockpit-podman.noarch                                                           75-1.module+el8.9.0+21243+a586538b                                                      rhel-8-for-x86_64-appstream-rpms
conmon.x86_64                                                                   3:2.1.8-1.module+el8.9.0+21243+a586538b                                                 rhel-8-for-x86_64-appstream-rpms
container-selinux.noarch                                                        2:2.221.0-1.module+el8.9.0+21243+a586538b                                               rhel-8-for-x86_64-appstream-rpms
containernetworking-plugins.x86_64                                              1:1.3.0-8.module+el8.9.0+21243+a586538b                                                 rhel-8-for-x86_64-appstream-rpms
containers-common.x86_64                                                        2:1-71.module+el8.9.0+21243+a586538b                                                    rhel-8-for-x86_64-appstream-rpms
criu.x86_64                                                                     3.18-4.module+el8.9.0+21243+a586538b                                                    rhel-8-for-x86_64-appstream-rpms
dnsmasq.x86_64                                                                  2.79-31.el8_9.2                                                                         rhel-8-for-x86_64-appstream-rpms
edk2-ovmf.noarch                                                                20220126gitbb1bba3d77-6.el8_9.6                                                         rhel-8-for-x86_64-appstream-rpms
firefox.x86_64                                                                  115.8.0-1.el8_9                                                                         rhel-8-for-x86_64-appstream-rpms
fuse-overlayfs.x86_64                                                           1.12-1.module+el8.9.0+21243+a586538b                                                    rhel-8-for-x86_64-appstream-rpms
glibc.x86_64                                                                    2.28-236.el8_9.12                                                                       rhel-8-for-x86_64-baseos-rpms
glibc-all-langpacks.x86_64                                                      2.28-236.el8_9.12                                                                       rhel-8-for-x86_64-baseos-rpms
glibc-common.x86_64                                                             2.28-236.el8_9.12                                                                       rhel-8-for-x86_64-baseos-rpms
glibc-devel.x86_64                                                              2.28-236.el8_9.12                                                                       rhel-8-for-x86_64-baseos-rpms
glibc-gconv-extra.x86_64                                                        2.28-236.el8_9.12                                                                       rhel-8-for-x86_64-baseos-rpms
glibc-headers.x86_64                                                            2.28-236.el8_9.12                                                                       rhel-8-for-x86_64-baseos-rpms
glibc-langpack-en.x86_64                                                        2.28-236.el8_9.12                                                                       rhel-8-for-x86_64-baseos-rpms
gnutls.x86_64                                                                   3.6.16-8.el8_9.1                                                                        rhel-8-for-x86_64-baseos-rpms
gnutls-dane.x86_64                                                              3.6.16-8.el8_9.1                                                                        rhel-8-for-x86_64-appstream-rpms
gnutls-utils.x86_64                                                             3.6.16-8.el8_9.1                                                                        rhel-8-for-x86_64-appstream-rpms
java-1.8.0-openjdk-headless.x86_64                                              1:1.8.0.402.b06-2.el8                                                                   rhel-8-for-x86_64-appstream-rpms
kernel.x86_64                                                                   4.18.0-513.18.1.el8_9                                                                   rhel-8-for-x86_64-baseos-rpms
kernel-core.x86_64                                                              4.18.0-513.18.1.el8_9                                                                   rhel-8-for-x86_64-baseos-rpms
kernel-devel.x86_64                                                             4.18.0-513.18.1.el8_9                                                                   rhel-8-for-x86_64-baseos-rpms
kernel-headers.x86_64                                                           4.18.0-513.18.1.el8_9                                                                   rhel-8-for-x86_64-baseos-rpms
kernel-modules.x86_64                                                           4.18.0-513.18.1.el8_9                                                                   rhel-8-for-x86_64-baseos-rpms
kernel-tools.x86_64                                                             4.18.0-513.18.1.el8_9                                                                   rhel-8-for-x86_64-baseos-rpms
kernel-tools-libs.x86_64                                                        4.18.0-513.18.1.el8_9                                                                   rhel-8-for-x86_64-baseos-rpms
libcap.x86_64                                                                   2.48-6.el8_9                                                                            rhel-8-for-x86_64-baseos-rpms
libertas-usb8388-firmware.noarch                                                2:20230824-120.git0e048b06.el8_9                                                        rhel-8-for-x86_64-baseos-rpms
libipa_hbac.x86_64                                                              2.9.1-4.el8_9.5                                                                         rhel-8-for-x86_64-baseos-rpms
libmaxminddb.x86_64                                                             1.2.0-10.el8_9.1                                                                        rhel-8-for-x86_64-appstream-rpms
libnetapi.x86_64                                                                4.18.6-3.el8_9                                                                          rhel-8-for-x86_64-baseos-rpms
libnsl.x86_64                                                                   2.28-236.el8_9.12                                                                       rhel-8-for-x86_64-baseos-rpms
libslirp.x86_64                                                                 4.4.0-1.module+el8.9.0+21243+a586538b                                                   rhel-8-for-x86_64-appstream-rpms
libsmbclient.x86_64                                                             4.18.6-3.el8_9                                                                          rhel-8-for-x86_64-baseos-rpms
libssh.x86_64                                                                   0.9.6-13.el8_9                                                                          rhel-8-for-x86_64-baseos-rpms
libssh-config.noarch                                                            0.9.6-13.el8_9                                                                          rhel-8-for-x86_64-baseos-rpms
libsss_autofs.x86_64                                                            2.9.1-4.el8_9.5                                                                         rhel-8-for-x86_64-baseos-rpms
libsss_certmap.x86_64                                                           2.9.1-4.el8_9.5                                                                         rhel-8-for-x86_64-baseos-rpms
libsss_idmap.x86_64                                                             2.9.1-4.el8_9.5                                                                         rhel-8-for-x86_64-baseos-rpms
libsss_nss_idmap.x86_64                                                         2.9.1-4.el8_9.5                                                                         rhel-8-for-x86_64-baseos-rpms
libsss_simpleifp.x86_64                                                         2.9.1-4.el8_9.5                                                                         rhel-8-for-x86_64-baseos-rpms
libsss_sudo.x86_64                                                              2.9.1-4.el8_9.5                                                                         rhel-8-for-x86_64-baseos-rpms
libwbclient.x86_64                                                              4.18.6-3.el8_9                                                                          rhel-8-for-x86_64-baseos-rpms
libxml2.x86_64                                                                  2.9.7-18.el8_9                                                                          rhel-8-for-x86_64-baseos-rpms
linux-firmware.noarch                                                           20230824-120.git0e048b06.el8_9                                                          rhel-8-for-x86_64-baseos-rpms
nscd.x86_64                                                                     2.28-236.el8_9.12                                                                       rhel-8-for-x86_64-baseos-rpms
nss.x86_64                                                                      3.90.0-6.el8_9                                                                          rhel-8-for-x86_64-appstream-rpms
nss-softokn.x86_64                                                              3.90.0-6.el8_9                                                                          rhel-8-for-x86_64-appstream-rpms
nss-softokn-freebl.x86_64                                                       3.90.0-6.el8_9                                                                          rhel-8-for-x86_64-appstream-rpms
nss-sysinit.x86_64                                                              3.90.0-6.el8_9                                                                          rhel-8-for-x86_64-appstream-rpms
nss-tools.x86_64                                                                3.90.0-6.el8_9                                                                          rhel-8-for-x86_64-appstream-rpms
nss-util.x86_64                                                                 3.90.0-6.el8_9                                                                          rhel-8-for-x86_64-appstream-rpms
obmondo-system-update.x86_64                                                    1.3.2-1                                                                                 obmondo-client
oniguruma.x86_64                                                                6.8.2-2.1.el8_9                                                                         rhel-8-for-x86_64-appstream-rpms
openssh.x86_64                                                                  8.0p1-19.el8_9.2                                                                        rhel-8-for-x86_64-baseos-rpms
openssh-askpass.x86_64                                                          8.0p1-19.el8_9.2                                                                        rhel-8-for-x86_64-appstream-rpms
openssh-clients.x86_64                                                          8.0p1-19.el8_9.2                                                                        rhel-8-for-x86_64-baseos-rpms
openssh-server.x86_64                                                           8.0p1-19.el8_9.2                                                                        rhel-8-for-x86_64-baseos-rpms
pixman.x86_64                                                                   0.38.4-3.el8_9                                                                          rhel-8-for-x86_64-appstream-rpms
platform-python.x86_64                                                          3.6.8-56.el8_9.3                                                                        rhel-8-for-x86_64-baseos-rpms
podman.x86_64                                                                   3:4.6.1-8.module+el8.9.0+21243+a586538b                                                 rhel-8-for-x86_64-appstream-rpms
podman-catatonit.x86_64                                                         3:4.6.1-8.module+el8.9.0+21243+a586538b              Obsoleting Packages
kernel-headers.x86_64                                                           4.18.0-513.11.1.el8_9                                                                   rhel-8-for-x86_64-baseos-rpms
    kernel-headers.x86_64                                                       4.18.0-513.9.1.el8_9                                                                    @rhel-8-for-x86_64-baseos-rpms
kernel-headers.x86_64                                                           4.18.0-513.18.1.el8_9                                                                   rhel-8-for-x86_64-baseos-rpms
    kernel-headers.x86_64
